<?xml version="1.0" encoding="UTF-8"?>
<testng-results skipped="0" failed="2" ignored="0" total="19" passed="17">
  <reporter-output>
  </reporter-output>
  <suite name="Suite" duration-ms="178851" started-at="2021-01-29T13:44:16 IST" finished-at="2021-01-29T13:47:15 IST">
    <groups>
    </groups>
    <test name="Test" duration-ms="178851" started-at="2021-01-29T13:44:16 IST" finished-at="2021-01-29T13:47:15 IST">
      <class name="qaClick.courseList">
        <test-method status="PASS" signature="grabCourseList()[pri:0, instance:qaClick.courseList@6193932a]" name="grabCourseList" duration-ms="18037" started-at="2021-01-29T13:46:06 IST" finished-at="2021-01-29T13:46:24 IST">
          <reporter-output>
          </reporter-output>
        </test-method> <!-- grabCourseList -->
      </class> <!-- qaClick.courseList -->
      <class name="qaClick.practiceProject1">
        <test-method status="FAIL" signature="validatePracticeProject()[pri:0, instance:qaClick.practiceProject1@647fd8ce]" name="validatePracticeProject" duration-ms="20351" started-at="2021-01-29T13:46:24 IST" finished-at="2021-01-29T13:46:44 IST">
          <exception class="org.openqa.selenium.ElementClickInterceptedException">
            <message>
              <![CDATA[element click intercepted: Element <a href="https://www.rahulshettyacademy.com">...</a> is not clickable at point (671, 74). Other element would receive the click: <div class="listbuilder-popup-content">...</div>
  (Session info: chrome=88.0.4324.104)
Build info: version: '3.141.59', revision: 'e82be7d358', time: '2018-11-14T08:17:03'
System info: host: 'VINAYAK-LENOVO', ip: '192.168.0.105', os.name: 'Windows 10', os.arch: 'amd64', os.version: '10.0', java.version: '1.8.0_211'
Driver info: org.openqa.selenium.chrome.ChromeDriver
Capabilities {acceptInsecureCerts: false, browserName: chrome, browserVersion: 88.0.4324.104, chrome: {chromedriverVersion: 88.0.4324.96 (68dba2d8a0b14..., userDataDir: C:\Users\VINAYA~1\AppData\L...}, goog:chromeOptions: {debuggerAddress: localhost:60552}, javascriptEnabled: true, networkConnectionEnabled: false, pageLoadStrategy: normal, platform: WINDOWS, platformName: WINDOWS, proxy: Proxy(), setWindowRect: true, strictFileInteractability: false, timeouts: {implicit: 0, pageLoad: 300000, script: 30000}, unhandledPromptBehavior: dismiss and notify, webauthn:extension:largeBlob: true, webauthn:virtualAuthenticators: true}
Session ID: 7533da3b6fb17f578b10a6600dc42af5]]>
            </message>
            <full-stacktrace>
              <![CDATA[org.openqa.selenium.ElementClickInterceptedException: element click intercepted: Element <a href="https://www.rahulshettyacademy.com">...</a> is not clickable at point (671, 74). Other element would receive the click: <div class="listbuilder-popup-content">...</div>
  (Session info: chrome=88.0.4324.104)
Build info: version: '3.141.59', revision: 'e82be7d358', time: '2018-11-14T08:17:03'
System info: host: 'VINAYAK-LENOVO', ip: '192.168.0.105', os.name: 'Windows 10', os.arch: 'amd64', os.version: '10.0', java.version: '1.8.0_211'
Driver info: org.openqa.selenium.chrome.ChromeDriver
Capabilities {acceptInsecureCerts: false, browserName: chrome, browserVersion: 88.0.4324.104, chrome: {chromedriverVersion: 88.0.4324.96 (68dba2d8a0b14..., userDataDir: C:\Users\VINAYA~1\AppData\L...}, goog:chromeOptions: {debuggerAddress: localhost:60552}, javascriptEnabled: true, networkConnectionEnabled: false, pageLoadStrategy: normal, platform: WINDOWS, platformName: WINDOWS, proxy: Proxy(), setWindowRect: true, strictFileInteractability: false, timeouts: {implicit: 0, pageLoad: 300000, script: 30000}, unhandledPromptBehavior: dismiss and notify, webauthn:extension:largeBlob: true, webauthn:virtualAuthenticators: true}
Session ID: 7533da3b6fb17f578b10a6600dc42af5
at sun.reflect.NativeConstructorAccessorImpl.newInstance0(Native Method)
at sun.reflect.NativeConstructorAccessorImpl.newInstance(NativeConstructorAccessorImpl.java:62)
at sun.reflect.DelegatingConstructorAccessorImpl.newInstance(DelegatingConstructorAccessorImpl.java:45)
at java.lang.reflect.Constructor.newInstance(Constructor.java:423)
at org.openqa.selenium.remote.http.W3CHttpResponseCodec.createException(W3CHttpResponseCodec.java:187)
at org.openqa.selenium.remote.http.W3CHttpResponseCodec.decode(W3CHttpResponseCodec.java:122)
at org.openqa.selenium.remote.http.W3CHttpResponseCodec.decode(W3CHttpResponseCodec.java:49)
at org.openqa.selenium.remote.HttpCommandExecutor.execute(HttpCommandExecutor.java:158)
at org.openqa.selenium.remote.service.DriverCommandExecutor.execute(DriverCommandExecutor.java:83)
at org.openqa.selenium.remote.RemoteWebDriver.execute(RemoteWebDriver.java:552)
at org.openqa.selenium.remote.RemoteWebElement.execute(RemoteWebElement.java:285)
at org.openqa.selenium.remote.RemoteWebElement.click(RemoteWebElement.java:84)
at qaClick.practiceProject1.validatePracticeProject(practiceProject1.java:31)
at sun.reflect.NativeMethodAccessorImpl.invoke0(Native Method)
at sun.reflect.NativeMethodAccessorImpl.invoke(NativeMethodAccessorImpl.java:62)
at sun.reflect.DelegatingMethodAccessorImpl.invoke(DelegatingMethodAccessorImpl.java:43)
at java.lang.reflect.Method.invoke(Method.java:498)
at org.testng.internal.MethodInvocationHelper.invokeMethod(MethodInvocationHelper.java:132)
at org.testng.internal.TestInvoker.invokeMethod(TestInvoker.java:599)
at org.testng.internal.TestInvoker.invokeTestMethod(TestInvoker.java:174)
at org.testng.internal.MethodRunner.runInSequence(MethodRunner.java:46)
at org.testng.internal.TestInvoker$MethodInvocationAgent.invoke(TestInvoker.java:822)
at org.testng.internal.TestInvoker.invokeTestMethods(TestInvoker.java:147)
at org.testng.internal.TestMethodWorker.invokeTestMethods(TestMethodWorker.java:146)
at org.testng.internal.TestMethodWorker.run(TestMethodWorker.java:128)
at java.util.ArrayList.forEach(ArrayList.java:1257)
at org.testng.TestRunner.privateRun(TestRunner.java:764)
at org.testng.TestRunner.run(TestRunner.java:585)
at org.testng.SuiteRunner.runTest(SuiteRunner.java:384)
at org.testng.SuiteRunner.access$000(SuiteRunner.java:28)
at org.testng.SuiteRunner$SuiteWorker.run(SuiteRunner.java:425)
at org.testng.internal.thread.ThreadUtil.lambda$execute$0(ThreadUtil.java:66)
at java.util.concurrent.FutureTask.run(FutureTask.java:266)
at java.util.concurrent.ThreadPoolExecutor.runWorker(ThreadPoolExecutor.java:1149)
at java.util.concurrent.ThreadPoolExecutor$Worker.run(ThreadPoolExecutor.java:624)
at java.lang.Thread.run(Thread.java:748)
]]>
            </full-stacktrace>
          </exception> <!-- org.openqa.selenium.ElementClickInterceptedException -->
          <reporter-output>
          </reporter-output>
        </test-method> <!-- validatePracticeProject -->
        <test-method status="PASS" signature="closeBrowser()[pri:0, instance:qaClick.practiceProject1@647fd8ce]" name="closeBrowser" is-config="true" duration-ms="233" started-at="2021-01-29T13:47:13 IST" finished-at="2021-01-29T13:47:14 IST">
          <reporter-output>
          </reporter-output>
        </test-method> <!-- closeBrowser -->
      </class> <!-- qaClick.practiceProject1 -->
      <class name="qaClick.practiceProject2">
        <test-method status="PASS" signature="openBrowser()[pri:0, instance:qaClick.practiceProject2@419c5f1a]" name="openBrowser" is-config="true" duration-ms="8686" started-at="2021-01-29T13:44:28 IST" finished-at="2021-01-29T13:44:37 IST">
          <reporter-output>
          </reporter-output>
        </test-method> <!-- openBrowser -->
        <test-method status="PASS" signature="autoSuggestiveDropdown()[pri:0, instance:qaClick.practiceProject2@419c5f1a]" name="autoSuggestiveDropdown" duration-ms="5733" started-at="2021-01-29T13:46:45 IST" finished-at="2021-01-29T13:46:51 IST">
          <reporter-output>
          </reporter-output>
        </test-method> <!-- autoSuggestiveDropdown -->
        <test-method status="PASS" signature="elementHideShow()[pri:0, instance:qaClick.practiceProject2@419c5f1a]" name="elementHideShow" duration-ms="442" started-at="2021-01-29T13:46:51 IST" finished-at="2021-01-29T13:46:51 IST">
          <reporter-output>
          </reporter-output>
        </test-method> <!-- elementHideShow -->
        <test-method status="PASS" signature="fixedHeader()[pri:0, instance:qaClick.practiceProject2@419c5f1a]" name="fixedHeader" duration-ms="1031" started-at="2021-01-29T13:46:51 IST" finished-at="2021-01-29T13:46:52 IST">
          <reporter-output>
          </reporter-output>
        </test-method> <!-- fixedHeader -->
        <test-method status="PASS" signature="mouseAction()[pri:0, instance:qaClick.practiceProject2@419c5f1a]" name="mouseAction" duration-ms="371" started-at="2021-01-29T13:46:52 IST" finished-at="2021-01-29T13:46:53 IST">
          <reporter-output>
          </reporter-output>
        </test-method> <!-- mouseAction -->
        <test-method status="PASS" signature="redioButton()[pri:0, instance:qaClick.practiceProject2@419c5f1a]" name="redioButton" duration-ms="110" started-at="2021-01-29T13:46:53 IST" finished-at="2021-01-29T13:46:53 IST">
          <reporter-output>
          </reporter-output>
        </test-method> <!-- redioButton -->
        <test-method status="PASS" signature="selectCheckBox()[pri:0, instance:qaClick.practiceProject2@419c5f1a]" name="selectCheckBox" duration-ms="99" started-at="2021-01-29T13:46:53 IST" finished-at="2021-01-29T13:46:53 IST">
          <reporter-output>
          </reporter-output>
        </test-method> <!-- selectCheckBox -->
        <test-method status="PASS" signature="selectStaticDropdown()[pri:0, instance:qaClick.practiceProject2@419c5f1a]" name="selectStaticDropdown" duration-ms="196" started-at="2021-01-29T13:46:53 IST" finished-at="2021-01-29T13:46:53 IST">
          <reporter-output>
          </reporter-output>
        </test-method> <!-- selectStaticDropdown -->
        <test-method status="PASS" signature="validateAlert()[pri:0, instance:qaClick.practiceProject2@419c5f1a]" name="validateAlert" duration-ms="367" started-at="2021-01-29T13:46:53 IST" finished-at="2021-01-29T13:46:54 IST">
          <reporter-output>
          </reporter-output>
        </test-method> <!-- validateAlert -->
        <test-method status="PASS" signature="validateConfirmation()[pri:0, instance:qaClick.practiceProject2@419c5f1a]" name="validateConfirmation" duration-ms="5297" started-at="2021-01-29T13:46:54 IST" finished-at="2021-01-29T13:46:59 IST">
          <reporter-output>
          </reporter-output>
        </test-method> <!-- validateConfirmation -->
        <test-method status="PASS" signature="validateSwitchTab()[pri:0, instance:qaClick.practiceProject2@419c5f1a]" name="validateSwitchTab" duration-ms="8207" started-at="2021-01-29T13:46:59 IST" finished-at="2021-01-29T13:47:07 IST">
          <reporter-output>
          </reporter-output>
        </test-method> <!-- validateSwitchTab -->
        <test-method status="PASS" signature="validateSwitchWindow()[pri:0, instance:qaClick.practiceProject2@419c5f1a]" name="validateSwitchWindow" duration-ms="3779" started-at="2021-01-29T13:47:07 IST" finished-at="2021-01-29T13:47:11 IST">
          <reporter-output>
          </reporter-output>
        </test-method> <!-- validateSwitchWindow -->
        <test-method status="PASS" signature="validateTable()[pri:0, instance:qaClick.practiceProject2@419c5f1a]" name="validateTable" duration-ms="1844" started-at="2021-01-29T13:47:11 IST" finished-at="2021-01-29T13:47:13 IST">
          <reporter-output>
          </reporter-output>
        </test-method> <!-- validateTable -->
        <test-method status="PASS" signature="closeBrowser()[pri:0, instance:qaClick.practiceProject2@419c5f1a]" name="closeBrowser" is-config="true" duration-ms="1050" started-at="2021-01-29T13:47:14 IST" finished-at="2021-01-29T13:47:15 IST">
          <reporter-output>
          </reporter-output>
        </test-method> <!-- closeBrowser -->
      </class> <!-- qaClick.practiceProject2 -->
      <class name="qaClick.rsHomeRegister">
        <test-method status="PASS" signature="registerPage()[pri:0, instance:qaClick.rsHomeRegister@71b1176b]" name="registerPage" duration-ms="19261" started-at="2021-01-29T13:45:47 IST" finished-at="2021-01-29T13:46:06 IST">
          <reporter-output>
          </reporter-output>
        </test-method> <!-- registerPage -->
      </class> <!-- qaClick.rsHomeRegister -->
      <class name="qaClick.openHomePage">
        <test-method status="PASS" signature="openWeb()[pri:0, instance:qaClick.openHomePage@56de5251]" name="openWeb" is-config="true" duration-ms="12067" started-at="2021-01-29T13:44:16 IST" finished-at="2021-01-29T13:44:28 IST">
          <reporter-output>
          </reporter-output>
        </test-method> <!-- openWeb -->
        <test-method status="FAIL" signature="accessWebPage()[pri:0, instance:qaClick.openHomePage@56de5251]" name="accessWebPage" duration-ms="1208" started-at="2021-01-29T13:45:45 IST" finished-at="2021-01-29T13:45:46 IST">
          <exception class="org.openqa.selenium.ElementClickInterceptedException">
            <message>
              <![CDATA[element click intercepted: Element <a href="https://www.rahulshettyacademy.com">...</a> is not clickable at point (671, 74). Other element would receive the click: <div class="listbuilder-popup-content">...</div>
  (Session info: chrome=88.0.4324.104)
Build info: version: '3.141.59', revision: 'e82be7d358', time: '2018-11-14T08:17:03'
System info: host: 'VINAYAK-LENOVO', ip: '192.168.0.105', os.name: 'Windows 10', os.arch: 'amd64', os.version: '10.0', java.version: '1.8.0_211'
Driver info: org.openqa.selenium.chrome.ChromeDriver
Capabilities {acceptInsecureCerts: false, browserName: chrome, browserVersion: 88.0.4324.104, chrome: {chromedriverVersion: 88.0.4324.96 (68dba2d8a0b14..., userDataDir: C:\Users\VINAYA~1\AppData\L...}, goog:chromeOptions: {debuggerAddress: localhost:59802}, javascriptEnabled: true, networkConnectionEnabled: false, pageLoadStrategy: normal, platform: WINDOWS, platformName: WINDOWS, proxy: Proxy(), setWindowRect: true, strictFileInteractability: false, timeouts: {implicit: 0, pageLoad: 300000, script: 30000}, unhandledPromptBehavior: dismiss and notify, webauthn:extension:largeBlob: true, webauthn:virtualAuthenticators: true}
Session ID: 26e6ff3ad68e3ed39b92f5b55dc2ab4f]]>
            </message>
            <full-stacktrace>
              <![CDATA[org.openqa.selenium.ElementClickInterceptedException: element click intercepted: Element <a href="https://www.rahulshettyacademy.com">...</a> is not clickable at point (671, 74). Other element would receive the click: <div class="listbuilder-popup-content">...</div>
  (Session info: chrome=88.0.4324.104)
Build info: version: '3.141.59', revision: 'e82be7d358', time: '2018-11-14T08:17:03'
System info: host: 'VINAYAK-LENOVO', ip: '192.168.0.105', os.name: 'Windows 10', os.arch: 'amd64', os.version: '10.0', java.version: '1.8.0_211'
Driver info: org.openqa.selenium.chrome.ChromeDriver
Capabilities {acceptInsecureCerts: false, browserName: chrome, browserVersion: 88.0.4324.104, chrome: {chromedriverVersion: 88.0.4324.96 (68dba2d8a0b14..., userDataDir: C:\Users\VINAYA~1\AppData\L...}, goog:chromeOptions: {debuggerAddress: localhost:59802}, javascriptEnabled: true, networkConnectionEnabled: false, pageLoadStrategy: normal, platform: WINDOWS, platformName: WINDOWS, proxy: Proxy(), setWindowRect: true, strictFileInteractability: false, timeouts: {implicit: 0, pageLoad: 300000, script: 30000}, unhandledPromptBehavior: dismiss and notify, webauthn:extension:largeBlob: true, webauthn:virtualAuthenticators: true}
Session ID: 26e6ff3ad68e3ed39b92f5b55dc2ab4f
at sun.reflect.NativeConstructorAccessorImpl.newInstance0(Native Method)
at sun.reflect.NativeConstructorAccessorImpl.newInstance(NativeConstructorAccessorImpl.java:62)
at sun.reflect.DelegatingConstructorAccessorImpl.newInstance(DelegatingConstructorAccessorImpl.java:45)
at java.lang.reflect.Constructor.newInstance(Constructor.java:423)
at org.openqa.selenium.remote.http.W3CHttpResponseCodec.createException(W3CHttpResponseCodec.java:187)
at org.openqa.selenium.remote.http.W3CHttpResponseCodec.decode(W3CHttpResponseCodec.java:122)
at org.openqa.selenium.remote.http.W3CHttpResponseCodec.decode(W3CHttpResponseCodec.java:49)
at org.openqa.selenium.remote.HttpCommandExecutor.execute(HttpCommandExecutor.java:158)
at org.openqa.selenium.remote.service.DriverCommandExecutor.execute(DriverCommandExecutor.java:83)
at org.openqa.selenium.remote.RemoteWebDriver.execute(RemoteWebDriver.java:552)
at org.openqa.selenium.remote.RemoteWebElement.execute(RemoteWebElement.java:285)
at org.openqa.selenium.remote.RemoteWebElement.click(RemoteWebElement.java:84)
at qaClick.openHomePage.accessWebPage(openHomePage.java:35)
at sun.reflect.NativeMethodAccessorImpl.invoke0(Native Method)
at sun.reflect.NativeMethodAccessorImpl.invoke(NativeMethodAccessorImpl.java:62)
at sun.reflect.DelegatingMethodAccessorImpl.invoke(DelegatingMethodAccessorImpl.java:43)
at java.lang.reflect.Method.invoke(Method.java:498)
at org.testng.internal.MethodInvocationHelper.invokeMethod(MethodInvocationHelper.java:132)
at org.testng.internal.TestInvoker.invokeMethod(TestInvoker.java:599)
at org.testng.internal.TestInvoker.invokeTestMethod(TestInvoker.java:174)
at org.testng.internal.MethodRunner.runInSequence(MethodRunner.java:46)
at org.testng.internal.TestInvoker$MethodInvocationAgent.invoke(TestInvoker.java:822)
at org.testng.internal.TestInvoker.invokeTestMethods(TestInvoker.java:147)
at org.testng.internal.TestMethodWorker.invokeTestMethods(TestMethodWorker.java:146)
at org.testng.internal.TestMethodWorker.run(TestMethodWorker.java:128)
at java.util.ArrayList.forEach(ArrayList.java:1257)
at org.testng.TestRunner.privateRun(TestRunner.java:764)
at org.testng.TestRunner.run(TestRunner.java:585)
at org.testng.SuiteRunner.runTest(SuiteRunner.java:384)
at org.testng.SuiteRunner.access$000(SuiteRunner.java:28)
at org.testng.SuiteRunner$SuiteWorker.run(SuiteRunner.java:425)
at org.testng.internal.thread.ThreadUtil.lambda$execute$0(ThreadUtil.java:66)
at java.util.concurrent.FutureTask.run(FutureTask.java:266)
at java.util.concurrent.ThreadPoolExecutor.runWorker(ThreadPoolExecutor.java:1149)
at java.util.concurrent.ThreadPoolExecutor$Worker.run(ThreadPoolExecutor.java:624)
at java.lang.Thread.run(Thread.java:748)
]]>
            </full-stacktrace>
          </exception> <!-- org.openqa.selenium.ElementClickInterceptedException -->
          <reporter-output>
          </reporter-output>
        </test-method> <!-- accessWebPage -->
        <test-method status="PASS" signature="closeBrowser()[pri:0, instance:qaClick.openHomePage@56de5251]" name="closeBrowser" is-config="true" duration-ms="659" started-at="2021-01-29T13:47:13 IST" finished-at="2021-01-29T13:47:13 IST">
          <reporter-output>
          </reporter-output>
        </test-method> <!-- closeBrowser -->
      </class> <!-- qaClick.openHomePage -->
      <class name="qaClick.rsHomeCarousel">
        <test-method status="PASS" signature="registerPage()[pri:0, instance:qaClick.rsHomeCarousel@5276e6b0]" name="registerPage" duration-ms="23342" started-at="2021-01-29T13:45:21 IST" finished-at="2021-01-29T13:45:45 IST">
          <reporter-output>
          </reporter-output>
        </test-method> <!-- registerPage -->
      </class> <!-- qaClick.rsHomeCarousel -->
      <class name="qaClick.rspracticeProject">
        <test-method status="PASS" signature="validatePracticeProject()[pri:0, instance:qaClick.rspracticeProject@12b0404f]" name="validatePracticeProject" duration-ms="22645" started-at="2021-01-29T13:44:37 IST" finished-at="2021-01-29T13:44:59 IST">
          <reporter-output>
          </reporter-output>
        </test-method> <!-- validatePracticeProject -->
      </class> <!-- qaClick.rspracticeProject -->
      <class name="qaClick.rsHomeLogin">
        <test-method status="PASS" signature="rsLogin()[pri:0, instance:qaClick.rsHomeLogin@769e7ee8]" name="rsLogin" duration-ms="21947" started-at="2021-01-29T13:44:59 IST" finished-at="2021-01-29T13:45:21 IST">
          <reporter-output>
          </reporter-output>
        </test-method> <!-- rsLogin -->
      </class> <!-- qaClick.rsHomeLogin -->
    </test> <!-- Test -->
  </suite> <!-- Suite -->
</testng-results>
