<html>
<head>
<title>TestNG:  Test</title>
<link href="../testng.css" rel="stylesheet" type="text/css" />
<link href="../my-testng.css" rel="stylesheet" type="text/css" />

<style type="text/css">
.log { display: none;} 
.stack-trace { display: none;} 
</style>
<script type="text/javascript">
<!--
function flip(e) {
  current = e.style.display;
  if (current == 'block') {
    e.style.display = 'none';
    return 0;
  }
  else {
    e.style.display = 'block';
    return 1;
  }
}

function toggleBox(szDivId, elem, msg1, msg2)
{
  var res = -1;  if (document.getElementById) {
    res = flip(document.getElementById(szDivId));
  }
  else if (document.all) {
    // this is the way old msie versions work
    res = flip(document.all[szDivId]);
  }
  if(elem) {
    if(res == 0) elem.innerHTML = msg1; else elem.innerHTML = msg2;
  }

}

function toggleAllBoxes() {
  if (document.getElementsByTagName) {
    d = document.getElementsByTagName('div');
    for (i = 0; i < d.length; i++) {
      if (d[i].className == 'log') {
        flip(d[i]);
      }
    }
  }
}

// -->
</script>

</head>
<body>
<h2 align='center'>Test</h2><table border='1' align="center">
<tr>
<td>Tests passed/Failed/Skipped:</td><td>18/1/0</td>
</tr><tr>
<td>Started on:</td><td>Thu Jan 28 15:00:17 IST 2021</td>
</tr>
<tr><td>Total time:</td><td>167 seconds (167147 ms)</td>
</tr><tr>
<td>Included groups:</td><td></td>
</tr><tr>
<td>Excluded groups:</td><td></td>
</tr>
</table><p/>
<small><i>(Hover the method name to see the test class name)</i></small><p/>
<table width='100%' border='1' class='invocation-failed'>
<tr><td colspan='4' align='center'><b>FAILED TESTS</b></td></tr>
<tr><td><b>Test method</b></td>
<td width="30%"><b>Exception</b></td>
<td width="10%"><b>Time (seconds)</b></td>
<td><b>Instance</b></td>
</tr>
<tr>
<td title='qaClick.openHomePage.accessWebPage()'><b>accessWebPage</b><br>Test class: qaClick.openHomePage</td>
<td><div><pre>org.openqa.selenium.ElementClickInterceptedException: element click intercepted: Element &lt;a href=&quot;https://www.rahulshettyacademy.com&quot;&gt;...&lt;/a&gt; is not clickable at point (671, 74). Other element would receive the click: &lt;div class=&quot;listbuilder-popup-content&quot;&gt;...&lt;/div&gt;
  (Session info: chrome=88.0.4324.104)
Build info: version: &apos;3.141.59&apos;, revision: &apos;e82be7d358&apos;, time: &apos;2018-11-14T08:17:03&apos;
System info: host: &apos;VINAYAK-LENOVO&apos;, ip: &apos;192.168.0.105&apos;, os.name: &apos;Windows 10&apos;, os.arch: &apos;amd64&apos;, os.version: &apos;10.0&apos;, java.version: &apos;1.8.0_211&apos;
Driver info: org.openqa.selenium.chrome.ChromeDriver
Capabilities {acceptInsecureCerts: false, browserName: chrome, browserVersion: 88.0.4324.104, chrome: {chromedriverVersion: 88.0.4324.96 (68dba2d8a0b14..., userDataDir: C:\Users\VINAYA~1\AppData\L...}, goog:chromeOptions: {debuggerAddress: localhost:50549}, javascriptEnabled: true, networkConnectionEnabled: false, pageLoadStrategy: normal, platform: WINDOWS, platformName: WINDOWS, proxy: Proxy(), setWindowRect: true, strictFileInteractability: false, timeouts: {implicit: 0, pageLoad: 300000, script: 30000}, unhandledPromptBehavior: dismiss and notify, webauthn:extension:largeBlob: true, webauthn:virtualAuthenticators: true}
Session ID: 3d8d507ccbe109795c513936cd1ee764
	at org.openqa.selenium.remote.http.W3CHttpResponseCodec.createException(W3CHttpResponseCodec.java:187)
	at org.openqa.selenium.remote.http.W3CHttpResponseCodec.decode(W3CHttpResponseCodec.java:122)
	at org.openqa.selenium.remote.http.W3CHttpResponseCodec.decode(W3CHttpResponseCodec.java:49)
	at org.openqa.selenium.remote.HttpCommandExecutor.execute(HttpCommandExecutor.java:158)
	at org.openqa.selenium.remote.service.DriverCommandExecutor.execute(DriverCommandExecutor.java:83)
	at org.openqa.selenium.remote.RemoteWebDriver.execute(RemoteWebDriver.java:552)
	at org.openqa.selenium.remote.RemoteWebElement.execute(RemoteWebElement.java:285)
	at org.openqa.selenium.remote.RemoteWebElement.click(RemoteWebElement.java:84)
	at qaClick.openHomePage.accessWebPage(openHomePage.java:35)
	at java.util.ArrayList.forEach(Unknown Source)
	at java.util.concurrent.FutureTask.run(Unknown Source)
	at java.util.concurrent.ThreadPoolExecutor.runWorker(Unknown Source)
	at java.util.concurrent.ThreadPoolExecutor$Worker.run(Unknown Source)
	at java.lang.Thread.run(Unknown Source)
... Removed 22 stack frames</pre></div><a href='#' onClick='toggleBox("stack-trace1144164270", this, "Click to show all stack frames", "Click to hide stack frames")'>Click to show all stack frames</a>
<div class='stack-trace' id='stack-trace1144164270'><pre>org.openqa.selenium.ElementClickInterceptedException: element click intercepted: Element &lt;a href=&quot;https://www.rahulshettyacademy.com&quot;&gt;...&lt;/a&gt; is not clickable at point (671, 74). Other element would receive the click: &lt;div class=&quot;listbuilder-popup-content&quot;&gt;...&lt;/div&gt;
  (Session info: chrome=88.0.4324.104)
Build info: version: &apos;3.141.59&apos;, revision: &apos;e82be7d358&apos;, time: &apos;2018-11-14T08:17:03&apos;
System info: host: &apos;VINAYAK-LENOVO&apos;, ip: &apos;192.168.0.105&apos;, os.name: &apos;Windows 10&apos;, os.arch: &apos;amd64&apos;, os.version: &apos;10.0&apos;, java.version: &apos;1.8.0_211&apos;
Driver info: org.openqa.selenium.chrome.ChromeDriver
Capabilities {acceptInsecureCerts: false, browserName: chrome, browserVersion: 88.0.4324.104, chrome: {chromedriverVersion: 88.0.4324.96 (68dba2d8a0b14..., userDataDir: C:\Users\VINAYA~1\AppData\L...}, goog:chromeOptions: {debuggerAddress: localhost:50549}, javascriptEnabled: true, networkConnectionEnabled: false, pageLoadStrategy: normal, platform: WINDOWS, platformName: WINDOWS, proxy: Proxy(), setWindowRect: true, strictFileInteractability: false, timeouts: {implicit: 0, pageLoad: 300000, script: 30000}, unhandledPromptBehavior: dismiss and notify, webauthn:extension:largeBlob: true, webauthn:virtualAuthenticators: true}
Session ID: 3d8d507ccbe109795c513936cd1ee764
	at sun.reflect.NativeConstructorAccessorImpl.newInstance0(Native Method)
	at sun.reflect.NativeConstructorAccessorImpl.newInstance(Unknown Source)
	at sun.reflect.DelegatingConstructorAccessorImpl.newInstance(Unknown Source)
	at java.lang.reflect.Constructor.newInstance(Unknown Source)
	at org.openqa.selenium.remote.http.W3CHttpResponseCodec.createException(W3CHttpResponseCodec.java:187)
	at org.openqa.selenium.remote.http.W3CHttpResponseCodec.decode(W3CHttpResponseCodec.java:122)
	at org.openqa.selenium.remote.http.W3CHttpResponseCodec.decode(W3CHttpResponseCodec.java:49)
	at org.openqa.selenium.remote.HttpCommandExecutor.execute(HttpCommandExecutor.java:158)
	at org.openqa.selenium.remote.service.DriverCommandExecutor.execute(DriverCommandExecutor.java:83)
	at org.openqa.selenium.remote.RemoteWebDriver.execute(RemoteWebDriver.java:552)
	at org.openqa.selenium.remote.RemoteWebElement.execute(RemoteWebElement.java:285)
	at org.openqa.selenium.remote.RemoteWebElement.click(RemoteWebElement.java:84)
	at qaClick.openHomePage.accessWebPage(openHomePage.java:35)
	at sun.reflect.NativeMethodAccessorImpl.invoke0(Native Method)
	at sun.reflect.NativeMethodAccessorImpl.invoke(Unknown Source)
	at sun.reflect.DelegatingMethodAccessorImpl.invoke(Unknown Source)
	at java.lang.reflect.Method.invoke(Unknown Source)
	at org.testng.internal.MethodInvocationHelper.invokeMethod(MethodInvocationHelper.java:132)
	at org.testng.internal.TestInvoker.invokeMethod(TestInvoker.java:599)
	at org.testng.internal.TestInvoker.invokeTestMethod(TestInvoker.java:174)
	at org.testng.internal.MethodRunner.runInSequence(MethodRunner.java:46)
	at org.testng.internal.TestInvoker$MethodInvocationAgent.invoke(TestInvoker.java:822)
	at org.testng.internal.TestInvoker.invokeTestMethods(TestInvoker.java:147)
	at org.testng.internal.TestMethodWorker.invokeTestMethods(TestMethodWorker.java:146)
	at org.testng.internal.TestMethodWorker.run(TestMethodWorker.java:128)
	at java.util.ArrayList.forEach(Unknown Source)
	at org.testng.TestRunner.privateRun(TestRunner.java:764)
	at org.testng.TestRunner.run(TestRunner.java:585)
	at org.testng.SuiteRunner.runTest(SuiteRunner.java:384)
	at org.testng.SuiteRunner.access$000(SuiteRunner.java:28)
	at org.testng.SuiteRunner$SuiteWorker.run(SuiteRunner.java:425)
	at org.testng.internal.thread.ThreadUtil.lambda$execute$0(ThreadUtil.java:66)
	at java.util.concurrent.FutureTask.run(Unknown Source)
	at java.util.concurrent.ThreadPoolExecutor.runWorker(Unknown Source)
	at java.util.concurrent.ThreadPoolExecutor$Worker.run(Unknown Source)
	at java.lang.Thread.run(Unknown Source)
</pre></div></td>
<td>1</td>
<td>qaClick.openHomePage@498d318c</td></tr>
</table><p>
<table width='100%' border='1' class='invocation-passed'>
<tr><td colspan='4' align='center'><b>PASSED TESTS</b></td></tr>
<tr><td><b>Test method</b></td>
<td width="30%"><b>Exception</b></td>
<td width="10%"><b>Time (seconds)</b></td>
<td><b>Instance</b></td>
</tr>
<tr>
<td title='qaClick.practiceProject2.autoSuggestiveDropdown()'><b>autoSuggestiveDropdown</b><br>Test class: qaClick.practiceProject2</td>
<td></td>
<td>5</td>
<td>qaClick.practiceProject2@6e171cd7</td></tr>
<tr>
<td title='qaClick.practiceProject2.elementHideShow()'><b>elementHideShow</b><br>Test class: qaClick.practiceProject2</td>
<td></td>
<td>0</td>
<td>qaClick.practiceProject2@6e171cd7</td></tr>
<tr>
<td title='qaClick.practiceProject2.fixedHeader()'><b>fixedHeader</b><br>Test class: qaClick.practiceProject2</td>
<td></td>
<td>0</td>
<td>qaClick.practiceProject2@6e171cd7</td></tr>
<tr>
<td title='qaClick.courseList.grabCourseList()'><b>grabCourseList</b><br>Test class: qaClick.courseList</td>
<td></td>
<td>15</td>
<td>qaClick.courseList@123ef382</td></tr>
<tr>
<td title='qaClick.practiceProject2.mouseAction()'><b>mouseAction</b><br>Test class: qaClick.practiceProject2</td>
<td></td>
<td>0</td>
<td>qaClick.practiceProject2@6e171cd7</td></tr>
<tr>
<td title='qaClick.practiceProject2.redioButton()'><b>redioButton</b><br>Test class: qaClick.practiceProject2</td>
<td></td>
<td>0</td>
<td>qaClick.practiceProject2@6e171cd7</td></tr>
<tr>
<td title='qaClick.rsHomeCarousel.registerPage()'><b>registerPage</b><br>Test class: qaClick.rsHomeCarousel</td>
<td></td>
<td>19</td>
<td>qaClick.rsHomeCarousel@59fd97a8</td></tr>
<tr>
<td title='qaClick.rsHomeRegister.registerPage()'><b>registerPage</b><br>Test class: qaClick.rsHomeRegister</td>
<td></td>
<td>17</td>
<td>qaClick.rsHomeRegister@f5ac9e4</td></tr>
<tr>
<td title='qaClick.rsHomeLogin.rsLogin()'><b>rsLogin</b><br>Test class: qaClick.rsHomeLogin</td>
<td></td>
<td>25</td>
<td>qaClick.rsHomeLogin@795cd85e</td></tr>
<tr>
<td title='qaClick.practiceProject2.selectCheckBox()'><b>selectCheckBox</b><br>Test class: qaClick.practiceProject2</td>
<td></td>
<td>0</td>
<td>qaClick.practiceProject2@6e171cd7</td></tr>
<tr>
<td title='qaClick.practiceProject2.selectStaticDropdown()'><b>selectStaticDropdown</b><br>Test class: qaClick.practiceProject2</td>
<td></td>
<td>0</td>
<td>qaClick.practiceProject2@6e171cd7</td></tr>
<tr>
<td title='qaClick.practiceProject2.validateAlert()'><b>validateAlert</b><br>Test class: qaClick.practiceProject2</td>
<td></td>
<td>0</td>
<td>qaClick.practiceProject2@6e171cd7</td></tr>
<tr>
<td title='qaClick.practiceProject2.validateConfirmation()'><b>validateConfirmation</b><br>Test class: qaClick.practiceProject2</td>
<td></td>
<td>5</td>
<td>qaClick.practiceProject2@6e171cd7</td></tr>
<tr>
<td title='qaClick.rspracticeProject.validatePracticeProject()'><b>validatePracticeProject</b><br>Test class: qaClick.rspracticeProject</td>
<td></td>
<td>16</td>
<td>qaClick.rspracticeProject@402bba4f</td></tr>
<tr>
<td title='qaClick.practiceProject1.validatePracticeProject()'><b>validatePracticeProject</b><br>Test class: qaClick.practiceProject1</td>
<td></td>
<td>28</td>
<td>qaClick.practiceProject1@dbf57b3</td></tr>
<tr>
<td title='qaClick.practiceProject2.validateSwitchTab()'><b>validateSwitchTab</b><br>Test class: qaClick.practiceProject2</td>
<td></td>
<td>7</td>
<td>qaClick.practiceProject2@6e171cd7</td></tr>
<tr>
<td title='qaClick.practiceProject2.validateSwitchWindow()'><b>validateSwitchWindow</b><br>Test class: qaClick.practiceProject2</td>
<td></td>
<td>3</td>
<td>qaClick.practiceProject2@6e171cd7</td></tr>
<tr>
<td title='qaClick.practiceProject2.validateTable()'><b>validateTable</b><br>Test class: qaClick.practiceProject2</td>
<td></td>
<td>0</td>
<td>qaClick.practiceProject2@6e171cd7</td></tr>
</table><p>
</body>
</html>